[debug] [2023-05-15T20:53:50.206Z] ----------------------------------------------------------------------
[debug] [2023-05-15T20:53:50.210Z] Command:       C:\Program Files\nodejs\node.exe C:\Users\paXindu\AppData\Roaming\npm\node_modules\firebase-tools\lib\bin\firebase.js init
[debug] [2023-05-15T20:53:50.211Z] CLI Version:   12.0.0
[debug] [2023-05-15T20:53:50.212Z] Platform:      win32
[debug] [2023-05-15T20:53:50.212Z] Node Version:  v18.15.0
[debug] [2023-05-15T20:53:50.213Z] Time:          Tue May 16 2023 02:23:50 GMT+0530 (India Standard Time)
[debug] [2023-05-15T20:53:50.214Z] ----------------------------------------------------------------------
[debug] 
[debug] [2023-05-15T20:53:50.227Z] > command requires scopes: ["email","openid","https://www.googleapis.com/auth/cloudplatformprojects.readonly","https://www.googleapis.com/auth/firebase","https://www.googleapis.com/auth/cloud-platform"]
[debug] [2023-05-15T20:53:50.228Z] > authorizing via signed-in user (pasindu.pub@gmail.com)
[info] 
     ######## #### ########  ######## ########     ###     ######  ########
     ##        ##  ##     ## ##       ##     ##  ##   ##  ##       ##
     ######    ##  ########  ######   ########  #########  ######  ######
     ##        ##  ##    ##  ##       ##     ## ##     ##       ## ##
     ##       #### ##     ## ######## ########  ##     ##  ######  ########

You're about to initialize a Firebase project in this directory:

  F:\projects\WMS\full app\wcmweb

[info] 
=== Project Setup
[info] 
[info] First, let's associate this project directory with a Firebase project.
[info] You can create multiple project aliases by running firebase use --add, 
[info] but for now we'll just set up a default project.
[info] 
[info] i  If you want to create a project in a Google Cloud organization or folder, please use "firebase projects:create" instead, and return to this command when you've created the project. 
[debug] [2023-05-15T20:56:12.392Z] >>> [apiv2][query] POST https://cloudresourcemanager.googleapis.com/v1/projects [none]
[debug] [2023-05-15T20:56:12.393Z] >>> [apiv2][body] POST https://cloudresourcemanager.googleapis.com/v1/projects {"projectId":"waste_collection_management","name":"wcm"}
[debug] [2023-05-15T20:56:14.220Z] <<< [apiv2][status] POST https://cloudresourcemanager.googleapis.com/v1/projects 400
[debug] [2023-05-15T20:56:14.220Z] <<< [apiv2][body] POST https://cloudresourcemanager.googleapis.com/v1/projects {"error":{"code":400,"message":"Request contains an invalid argument.","status":"INVALID_ARGUMENT","details":[{"@type":"type.googleapis.com/google.rpc.BadRequest","fieldViolations":[{"field":"project_id","description":"project_id contains invalid characters"},{"field":"display_name","description":"project display name must be at least 4 characters"}]},{"@type":"type.googleapis.com/google.rpc.Help","links":[{"url":"https://cloud.google.com/resource-manager/reference/rest/v1/projects"}]}]}}
[debug] [2023-05-15T20:56:14.591Z] FirebaseError: HTTP Error: 400, Request contains an invalid argument.
    at responseToError (C:\Users\paXindu\AppData\Roaming\npm\node_modules\firebase-tools\lib\responseToError.js:49:12)
    at RetryOperation._fn (C:\Users\paXindu\AppData\Roaming\npm\node_modules\firebase-tools\lib\apiv2.js:288:77)
    at process.processTicksAndRejections (node:internal/process/task_queues:95:5)
[error] 
[error] Error: Failed to create project. See firebase-debug.log for more info.
[debug] [2023-05-15T20:56:25.841Z] ----------------------------------------------------------------------
[debug] [2023-05-15T20:56:25.843Z] Command:       C:\Program Files\nodejs\node.exe C:\Users\paXindu\AppData\Roaming\npm\node_modules\firebase-tools\lib\bin\firebase.js init
[debug] [2023-05-15T20:56:25.843Z] CLI Version:   12.0.0
[debug] [2023-05-15T20:56:25.844Z] Platform:      win32
[debug] [2023-05-15T20:56:25.844Z] Node Version:  v18.15.0
[debug] [2023-05-15T20:56:25.845Z] Time:          Tue May 16 2023 02:26:25 GMT+0530 (India Standard Time)
[debug] [2023-05-15T20:56:25.845Z] ----------------------------------------------------------------------
[debug] 
[debug] [2023-05-15T20:56:25.851Z] > command requires scopes: ["email","openid","https://www.googleapis.com/auth/cloudplatformprojects.readonly","https://www.googleapis.com/auth/firebase","https://www.googleapis.com/auth/cloud-platform"]
[debug] [2023-05-15T20:56:25.851Z] > authorizing via signed-in user (pasindu.pub@gmail.com)
[info] 
     ######## #### ########  ######## ########     ###     ######  ########
     ##        ##  ##     ## ##       ##     ##  ##   ##  ##       ##
     ######    ##  ########  ######   ########  #########  ######  ######
     ##        ##  ##    ##  ##       ##     ## ##     ##       ## ##
     ##       #### ##     ## ######## ########  ##     ##  ######  ########

You're about to initialize a Firebase project in this directory:

  F:\projects\WMS\full app\wcmweb

[info] 
=== Project Setup
[info] 
[info] First, let's associate this project directory with a Firebase project.
[info] You can create multiple project aliases by running firebase use --add, 
[info] but for now we'll just set up a default project.
[info] 
[debug] [2023-05-15T20:57:20.502Z] >>> [apiv2][query] GET https://firebase.googleapis.com/v1beta1/projects pageSize=100
[debug] [2023-05-15T20:57:21.785Z] <<< [apiv2][status] GET https://firebase.googleapis.com/v1beta1/projects 200
[debug] [2023-05-15T20:57:21.786Z] <<< [apiv2][body] GET https://firebase.googleapis.com/v1beta1/projects [omitted]
[info] i  Using project wcmml-ab527 (wcmml) 
[info] 
=== Hosting Setup
[info] 
[info] Your public directory is the folder (relative to your project directory) that
[info] will contain Hosting assets to be uploaded with firebase deploy. If you
[info] have a build process for your assets, use your build's output directory.
[info] 
[debug] [2023-05-15T20:57:40.489Z] >>> [apiv2][query] GET https://www.gstatic.com/firebasejs/releases.json [none]
[debug] [2023-05-15T20:57:40.819Z] <<< [apiv2][status] GET https://www.gstatic.com/firebasejs/releases.json 200
[debug] [2023-05-15T20:57:40.819Z] <<< [apiv2][body] GET https://www.gstatic.com/firebasejs/releases.json {"current":{"version":"9.22.0","browserURL":"https://www.gstatic.com/firebasejs/9.22.0/firebase.js","packageURL":"https://www.gstatic.com/firebasejs/9.22.0/firebase.tgz"},"live":{"version":"9.22","browserURL":"https://www.gstatic.com/firebasejs/live/9.22/firebase.js","packageURL":"https://www.gstatic.com/firebasejs/live/9.22/firebase.tgz"},"components":{"analytics":"https://www.gstatic.com/firebasejs/9.22.0/firebase-analytics.js","app":"https://www.gstatic.com/firebasejs/9.22.0/firebase-app.js","app-check":"https://www.gstatic.com/firebasejs/9.22.0/firebase-app-check.js","auth":"https://www.gstatic.com/firebasejs/9.22.0/firebase-auth.js","auth/cordova":"https://www.gstatic.com/firebasejs/9.22.0/firebase-auth/cordova.js","auth/react-native":"https://www.gstatic.com/firebasejs/9.22.0/firebase-auth/react-native.js","functions":"https://www.gstatic.com/firebasejs/9.22.0/firebase-functions.js","firestore":"https://www.gstatic.com/firebasejs/9.22.0/firebase-firestore.js","firestore/lite":"https://www.gstatic.com/firebasejs/9.22.0/firebase-firestore/lite.js","installations":"https://www.gstatic.com/firebasejs/9.22.0/firebase-installations.js","storage":"https://www.gstatic.com/firebasejs/9.22.0/firebase-storage.js","performance":"https://www.gstatic.com/firebasejs/9.22.0/firebase-performance.js","remote-config":"https://www.gstatic.com/firebasejs/9.22.0/firebase-remote-config.js","messaging":"https://www.gstatic.com/firebasejs/9.22.0/firebase-messaging.js","messaging/sw":"https://www.gstatic.com/firebasejs/9.22.0/firebase-messaging/sw.js","database":"https://www.gstatic.com/firebasejs/9.22.0/firebase-database.js","firestore.memory":"https://www.gstatic.com/firebasejs/9.22.0/firebase-firestore.memory.js"}}
[info] +  Wrote public/index.html 
[info] 
[info] i  Detected a .git folder at F:\projects\WMS\full app\wcmweb 
[info] i  Authorizing with GitHub to upload your service account to a GitHub repository's secrets store. 
[info] 
[info] Visit this URL on this device to log in:
[info] https://github.com/login/oauth/authorize?client_id=89cf50f02ac6aaed3484&state=346297023&redirect_uri=http%3A%2F%2Flocalhost%3A9005&scope=read%3Auser%20repo%20public_repo
[info] 
[info] Waiting for authentication...
[debug] [2023-05-15T20:57:49.619Z] >>> [apiv2][query] POST https://github.com/login/oauth/access_token [none]
[debug] [2023-05-15T20:57:49.619Z] >>> [apiv2][body] POST https://github.com/login/oauth/access_token [stream]
[debug] [2023-05-15T20:57:50.152Z] <<< [apiv2][status] POST https://github.com/login/oauth/access_token 200
[debug] [2023-05-15T20:57:50.152Z] <<< [apiv2][body] POST https://github.com/login/oauth/access_token {"access_token":"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","token_type":"bearer","scope":"read:user,repo"}
[debug] [2023-05-15T20:57:50.163Z] >>> [apiv2][query] GET https://api.github.com/user [none]
[debug] [2023-05-15T20:57:50.816Z] <<< [apiv2][status] GET https://api.github.com/user 200
[debug] [2023-05-15T20:57:50.816Z] <<< [apiv2][body] GET https://api.github.com/user {"login":"paXindu","id":62470295,"node_id":"MDQ6VXNlcjYyNDcwMjk1","avatar_url":"https://avatars.githubusercontent.com/u/62470295?v=4","gravatar_id":"","url":"https://api.github.com/users/paXindu","html_url":"https://github.com/paXindu","followers_url":"https://api.github.com/users/paXindu/followers","following_url":"https://api.github.com/users/paXindu/following{/other_user}","gists_url":"https://api.github.com/users/paXindu/gists{/gist_id}","starred_url":"https://api.github.com/users/paXindu/starred{/owner}{/repo}","subscriptions_url":"https://api.github.com/users/paXindu/subscriptions","organizations_url":"https://api.github.com/users/paXindu/orgs","repos_url":"https://api.github.com/users/paXindu/repos","events_url":"https://api.github.com/users/paXindu/events{/privacy}","received_events_url":"https://api.github.com/users/paXindu/received_events","type":"User","site_admin":false,"name":null,"company":null,"blog":"","location":null,"email":null,"hireable":null,"bio":null,"twitter_username":null,"public_repos":2,"public_gists":0,"followers":0,"following":2,"created_at":"2020-03-21T13:00:39Z","updated_at":"2023-05-12T08:35:34Z","private_gists":0,"total_private_repos":10,"owned_private_repos":10,"disk_usage":75494,"collaborators":0,"two_factor_authentication":false,"plan":{"name":"free","space":976562499,"collaborators":0,"private_repos":10000}}
[info] 
[info] +  Success! Logged into GitHub as paXindu 
[info] 
